<?xml version="1.0" encoding="UTF-8"?>
<!-- Generated by org.testng.reporters.JUnitReportReporter -->
<testsuite hostname="ChangeMe-4.local" name="com.hw.views.FileBrowserViewTest" tests="1" failures="0" timestamp="25 Feb 2016 18:28:36 GMT" time="7.868" errors="0">
  <testcase name="newFolderWithSpecialChars" time="7.868" classname="com.hw.views.FileBrowserViewTest"/>
</testsuite> <!-- com.hw.views.FileBrowserViewTest -->
