<?xml version="1.0" encoding="UTF-8"?>
<!-- Generated by org.testng.reporters.JUnitReportReporter -->
<testsuite hostname="ChangeMe-4.local" name="com.hw.views.FileBrowserViewTest" tests="1" failures="0" timestamp="24 Feb 2016 09:19:45 GMT" time="12.222" errors="0">
  <testcase name="selectAll" time="12.222" classname="com.hw.views.FileBrowserViewTest"/>
</testsuite> <!-- com.hw.views.FileBrowserViewTest -->
